Traceback (most recent call last):
  File "/Users/vmconnect/FuelPrice-Scraper/.venv/lib/python3.12/site-packages/botasaurus/decorators.py", line 861, in run_task
    result = func(reqs, data)
             ^^^^^^^^^^^^^^^^
  File "/Users/vmconnect/FuelPrice-Scraper/main.py", line 51, in fetch_url_content
    response = request.get(url)
               ^^^^^^^^^^^^^^^^
  File "/Users/vmconnect/FuelPrice-Scraper/.venv/lib/python3.12/site-packages/botasaurus/anti_detect_requests.py", line 68, in get
    return self.request("GET", url, **kwargs)
           ^^^^^^^^^^^^^^^^^^^^^^^^^^^^^^^^^^
  File "/Users/vmconnect/FuelPrice-Scraper/.venv/lib/python3.12/site-packages/botasaurus/anti_detect_requests.py", line 23, in request
    return got_method(url, *args, **kwargs)
           ^^^^^^^^^^^^^^^^^^^^^^^^^^^^^^^^
  File "/Users/vmconnect/FuelPrice-Scraper/.venv/lib/python3.12/site-packages/botasaurus/got_adapter.py", line 186, in get
    got_response = get_adapter().get(
                   ^^^^^^^^^^^^^
  File "/Users/vmconnect/FuelPrice-Scraper/.venv/lib/python3.12/site-packages/botasaurus/got_adapter.py", line 20, in get_adapter
    adapter = require("got-scraping-export")
              ^^^^^^^^^^^^^^^^^^^^^^^^^^^^^^
  File "/Users/vmconnect/FuelPrice-Scraper/.venv/lib/python3.12/site-packages/javascript_fixes/__init__.py", line 110, in require
    return config.global_jsi.require(name, version, calling_dir, timeout=900)
           ^^^^^^^^^^^^^^^^^^^^^^^^^^^^^^^^^^^^^^^^^^^^^^^^^^^^^^^^^^^^^^^^^^
  File "/Users/vmconnect/FuelPrice-Scraper/.venv/lib/python3.12/site-packages/javascript_fixes/proxy.py", line 218, in __call__
    else self._exe.callProp(
         ^^^^^^^^^^^^^^^^^^^
  File "/Users/vmconnect/FuelPrice-Scraper/.venv/lib/python3.12/site-packages/javascript_fixes/proxy.py", line 158, in callProp
    resp = self.pcall(ffid, "call", method, args, timeout=timeout, forceRefs=forceRefs)
           ^^^^^^^^^^^^^^^^^^^^^^^^^^^^^^^^^^^^^^^^^^^^^^^^^^^^^^^^^^^^^^^^^^^^^^^^^^^^
  File "/Users/vmconnect/FuelPrice-Scraper/.venv/lib/python3.12/site-packages/javascript_fixes/proxy.py", line 146, in pcall
    raise JavaScriptError(attr, res["error"])
javascript_fixes.errors.JavaScriptError: ('require', "Error: Cannot find package '/Users/vmconnect/FuelPrice-Scraper/.venv/lib/python3.12/site-packages/javascript_fixes/js/node_modules/got-scraping-export/package.json' imported from /Users/vmconnect/FuelPrice-Scraper/.venv/lib/python3.12/site-packages/javascript_fixes/js/deps.js\n    at legacyMainResolve (node:internal/modules/esm/resolve:215:26)\n    at packageResolve (node:internal/modules/esm/resolve:841:14)\n    at moduleResolve (node:internal/modules/esm/resolve:927:18)\n    at defaultResolve (node:internal/modules/esm/resolve:1169:11)\n    at ModuleLoader.defaultResolve (node:internal/modules/esm/loader:383:12)\n    at ModuleLoader.resolve (node:internal/modules/esm/loader:352:25)\n    at ModuleLoader.getModuleJob (node:internal/modules/esm/loader:227:38)\n    at ModuleLoader.import (node:internal/modules/esm/loader:315:34)\n    at defaultImportModuleDynamically (node:internal/modules/esm/utils:194:31)\n    at importModuleDynamicallyCallback (node:internal/modules/esm/utils:216:12)")
